0 info it worked if it ends with ok
1 verbose cli [ '/Users/jnath2/.nvm/versions/node/v6.2.1/bin/node',
1 verbose cli   '/Users/jnath2/.nvm/versions/node/v6.2.1/bin/npm',
1 verbose cli   'start' ]
2 info using npm@3.9.3
3 info using node@v6.2.1
4 verbose run-script [ 'prestart', 'start', 'poststart' ]
5 info lifecycle game-ts@1.0.0~prestart: game-ts@1.0.0
6 silly lifecycle game-ts@1.0.0~prestart: no script for prestart, continuing
7 info lifecycle game-ts@1.0.0~start: game-ts@1.0.0
8 verbose lifecycle game-ts@1.0.0~start: unsafe-perm in lifecycle true
9 verbose lifecycle game-ts@1.0.0~start: PATH: /Users/jnath2/.nvm/versions/node/v6.2.1/lib/node_modules/npm/bin/node-gyp-bin:/Users/jnath2/github/game-ts/node_modules/.bin:/Users/jnath2/.nvm/versions/node/v6.2.1/bin:/Users/jnath2/.nvm/versions/node/v6.2.1/bin:/Users/jnath2/.rvm/gems/ruby-2.1.0-preview2/bin:/usr/local/opt/coreutils/libexec/gnubin:/opt/local/bin:/opt/local/sbin:/opt/local/bin:/opt/local/sbin:/opt/local/bin:/opt/local/sbin:/opt/local/bin:/opt/local/sbin:/opt/local/bin:/opt/local/sbin:/usr/local/bin:/usr/bin:/bin:/usr/sbin:/sbin:/opt/X11/bin:/Users/jnath2/.rvm/gems/ruby-2.1.0-preview2/bin:/usr/local/opt/coreutils/libexec/gnubin:/opt/local/bin:/opt/local/sbin:/opt/local/bin:/opt/local/sbin:/opt/local/bin:/opt/local/sbin:/opt/local/bin:/opt/local/sbin:/opt/local/bin:/opt/local/sbin:/usr/local/bin:/usr/bin:/bin:/usr/sbin:/sbin:/opt/X11/bin:/usr/local/bin:/usr/bin:/bin:/usr/sbin:/sbin:/opt/X11/bin:/Users/jnath2/.rvm/bin:/Users/jnath2/.rvm/bin
10 verbose lifecycle game-ts@1.0.0~start: CWD: /Users/jnath2/github/game-ts
11 silly lifecycle game-ts@1.0.0~start: Args: [ '-c', 'hs -p 8080' ]
12 silly lifecycle game-ts@1.0.0~start: Returned: code: 1  signal: null
13 info lifecycle game-ts@1.0.0~start: Failed to exec start script
14 verbose stack Error: game-ts@1.0.0 start: `hs -p 8080`
14 verbose stack Exit status 1
14 verbose stack     at EventEmitter.<anonymous> (/Users/jnath2/.nvm/versions/node/v6.2.1/lib/node_modules/npm/lib/utils/lifecycle.js:245:16)
14 verbose stack     at emitTwo (events.js:106:13)
14 verbose stack     at EventEmitter.emit (events.js:191:7)
14 verbose stack     at ChildProcess.<anonymous> (/Users/jnath2/.nvm/versions/node/v6.2.1/lib/node_modules/npm/lib/utils/spawn.js:24:14)
14 verbose stack     at emitTwo (events.js:106:13)
14 verbose stack     at ChildProcess.emit (events.js:191:7)
14 verbose stack     at maybeClose (internal/child_process.js:852:16)
14 verbose stack     at Process.ChildProcess._handle.onexit (internal/child_process.js:215:5)
15 verbose pkgid game-ts@1.0.0
16 verbose cwd /Users/jnath2/github/game-ts
17 error Darwin 16.3.0
18 error argv "/Users/jnath2/.nvm/versions/node/v6.2.1/bin/node" "/Users/jnath2/.nvm/versions/node/v6.2.1/bin/npm" "start"
19 error node v6.2.1
20 error npm  v3.9.3
21 error code ELIFECYCLE
22 error game-ts@1.0.0 start: `hs -p 8080`
22 error Exit status 1
23 error Failed at the game-ts@1.0.0 start script 'hs -p 8080'.
23 error Make sure you have the latest version of node.js and npm installed.
23 error If you do, this is most likely a problem with the game-ts package,
23 error not with npm itself.
23 error Tell the author that this fails on your system:
23 error     hs -p 8080
23 error You can get information on how to open an issue for this project with:
23 error     npm bugs game-ts
23 error Or if that isn't available, you can get their info via:
23 error     npm owner ls game-ts
23 error There is likely additional logging output above.
24 verbose exit [ 1, true ]
